{"/home/usuario/prct11/src/Ejercicios.ts": {"path":"/home/usuario/prct11/src/Ejercicios.ts","statementMap":{"0":{"start":{"line":11,"column":2},"end":{"line":11,"column":null}},"1":{"start":{"line":25,"column":2},"end":{"line":25,"column":null}},"2":{"start":{"line":38,"column":2},"end":{"line":40,"column":null}},"3":{"start":{"line":39,"column":4},"end":{"line":39,"column":null}},"4":{"start":{"line":41,"column":2},"end":{"line":41,"column":null}}},"fnMap":{"0":{"name":"add","decl":{"start":{"line":10,"column":16},"end":{"line":10,"column":20}},"loc":{"start":{"line":10,"column":71},"end":{"line":12,"column":null}},"line":10},"1":{"name":"sub","decl":{"start":{"line":24,"column":16},"end":{"line":24,"column":20}},"loc":{"start":{"line":24,"column":71},"end":{"line":26,"column":null}},"line":24},"2":{"name":"div","decl":{"start":{"line":37,"column":16},"end":{"line":37,"column":20}},"loc":{"start":{"line":37,"column":71},"end":{"line":42,"column":null}},"line":37}},"branchMap":{"0":{"loc":{"start":{"line":38,"column":2},"end":{"line":40,"column":null}},"type":"if","locations":[{"start":{"line":38,"column":2},"end":{"line":40,"column":null}},{"start":{},"end":{}}],"line":38}},"s":{"0":2,"1":3,"2":3,"3":1,"4":2},"f":{"0":2,"1":3,"2":3},"b":{"0":[1,2]},"meta":{"lastBranch":1,"lastFunction":3,"lastStatement":5,"seen":{"f:10:16:10:20":0,"s:11:2:11:Infinity":0,"f:24:16:24:20":1,"s:25:2:25:Infinity":1,"f:37:16:37:20":2,"b:38:2:40:Infinity:undefined:undefined:undefined:undefined":0,"s:38:2:40:Infinity":2,"s:39:4:39:Infinity":3,"s:41:2:41:Infinity":4}}}
}
